<?xml version="1.0" encoding="UTF-8"?>
<!-- Generated by org.testng.reporters.JUnitXMLReporter -->
<testsuite hostname="LAPTOP-FI3H6DUE" ignored="0" name="Default test" tests="5" failures="0" timestamp="26 Jan 2021 04:36:15 GMT" time="40.113" errors="0">
  <testcase name="Test1" time="4.006" classname="org.adactin.TestNg"/>
  <testcase name="test2" time="1.193" classname="org.adactin.TestNg"/>
  <testcase name="test3" time="1.859" classname="org.adactin.TestNg"/>
  <testcase name="test4" time="6.548" classname="org.adactin.TestNg"/>
  <testcase name="test5" time="0.002" classname="org.adactin.TestNg"/>
</testsuite> <!-- Default test -->
