<?xml version="1.0" encoding="UTF-8"?>
<testng-results skipped="0" failed="0" ignored="0" total="5" passed="5">
  <reporter-output>
  </reporter-output>
  <suite name="Default suite" duration-ms="40113" started-at="2021-01-26T04:35:35Z" finished-at="2021-01-26T04:36:15Z">
    <groups>
    </groups>
    <test name="Default test" duration-ms="40113" started-at="2021-01-26T04:35:35Z" finished-at="2021-01-26T04:36:15Z">
      <class name="org.adactin.TestNg">
        <test-method status="PASS" signature="beforeclass()[pri:0, instance:org.adactin.TestNg@343f4d3d]" name="beforeclass" is-config="true" duration-ms="26443" started-at="2021-01-26T04:35:35Z" finished-at="2021-01-26T04:36:02Z">
          <reporter-output>
          </reporter-output>
        </test-method> <!-- beforeclass -->
        <test-method status="PASS" signature="Test1()[pri:0, instance:org.adactin.TestNg@343f4d3d]" name="Test1" duration-ms="4006" started-at="2021-01-26T04:36:02Z" finished-at="2021-01-26T04:36:06Z">
          <reporter-output>
          </reporter-output>
        </test-method> <!-- Test1 -->
        <test-method status="PASS" signature="test2()[pri:0, instance:org.adactin.TestNg@343f4d3d]" name="test2" duration-ms="1193" started-at="2021-01-26T04:36:06Z" finished-at="2021-01-26T04:36:07Z">
          <reporter-output>
          </reporter-output>
        </test-method> <!-- test2 -->
        <test-method status="PASS" signature="test3()[pri:0, instance:org.adactin.TestNg@343f4d3d]" name="test3" duration-ms="1859" started-at="2021-01-26T04:36:07Z" finished-at="2021-01-26T04:36:09Z">
          <reporter-output>
          </reporter-output>
        </test-method> <!-- test3 -->
        <test-method status="PASS" signature="test4()[pri:0, instance:org.adactin.TestNg@343f4d3d]" name="test4" duration-ms="6548" started-at="2021-01-26T04:36:09Z" finished-at="2021-01-26T04:36:15Z">
          <reporter-output>
          </reporter-output>
        </test-method> <!-- test4 -->
        <test-method status="PASS" signature="test5()[pri:0, instance:org.adactin.TestNg@343f4d3d]" name="test5" duration-ms="2" started-at="2021-01-26T04:36:15Z" finished-at="2021-01-26T04:36:15Z">
          <reporter-output>
          </reporter-output>
        </test-method> <!-- test5 -->
      </class> <!-- org.adactin.TestNg -->
    </test> <!-- Default test -->
  </suite> <!-- Default suite -->
</testng-results>
